2023-04-17 02:06:09,280 INFO  [org.jboss.as.server.deployment.scanner] (MSC service thread 1-3) WFLYDS0013: Started FileSystemDeploymentService for directory /Users/abn/desktop/keycloak/standalone/deployments
2023-04-17 02:06:09,284 INFO  [org.jboss.as.server.deployment] (MSC service thread 1-1) WFLYSRV0027: Starting deployment of "niroj-keycloak-2fa-email-authenticator-1.0-SNAPSHOT.jar" (runtime-name: "niroj-keycloak-2fa-email-authenticator-1.0-SNAPSHOT.jar")
2023-04-17 02:06:09,284 INFO  [org.jboss.as.server.deployment] (MSC service thread 1-5) WFLYSRV0027: Starting deployment of "keycloak-server.war" (runtime-name: "keycloak-server.war")
2023-04-17 02:06:09,327 INFO  [org.wildfly.extension.undertow] (MSC service thread 1-1) WFLYUT0006: Undertow HTTPS listener https listening on 127.0.0.1:8443
2023-04-17 02:06:10,364 WARN  [org.jboss.as.dependency.deprecated] (MSC service thread 1-8) WFLYSRV0221: Deployment "deployment.niroj-keycloak-2fa-email-authenticator-1.0-SNAPSHOT.jar" is using a deprecated module ("javax.api") which may be removed in future versions without notice.
2023-04-17 02:06:10,368 WARN  [org.jboss.as.dependency.private] (MSC service thread 1-8) WFLYSRV0018: Deployment "deployment.niroj-keycloak-2fa-email-authenticator-1.0-SNAPSHOT.jar" is using a private module ("org.apache.httpcomponents.core") which may be changed or removed in future versions without notice.
2023-04-17 02:06:10,369 WARN  [org.jboss.as.dependency.private] (MSC service thread 1-8) WFLYSRV0018: Deployment "deployment.niroj-keycloak-2fa-email-authenticator-1.0-SNAPSHOT.jar" is using a private module ("org.keycloak.keycloak-server-spi-private") which may be changed or removed in future versions without notice.
2023-04-17 02:06:10,372 WARN  [org.jboss.as.dependency.private] (MSC service thread 1-8) WFLYSRV0018: Deployment "deployment.niroj-keycloak-2fa-email-authenticator-1.0-SNAPSHOT.jar" is using a private module ("org.keycloak.keycloak-services") which may be changed or removed in future versions without notice.
2023-04-17 02:06:10,386 INFO  [org.keycloak.subsystem.server.extension.KeycloakProviderDeploymentProcessor] (MSC service thread 1-8) Deploying Keycloak provider: niroj-keycloak-2fa-email-authenticator-1.0-SNAPSHOT.jar
2023-04-17 02:06:10,532 INFO  [org.infinispan.CONTAINER] (ServerService Thread Pool -- 54) ISPN000128: Infinispan version: Infinispan 'Corona Extra' 11.0.9.Final
2023-04-17 02:06:10,590 INFO  [org.infinispan.CONFIG] (MSC service thread 1-5) ISPN000152: Passivation configured without an eviction policy being selected. Only manually evicted entities will be passivated.
2023-04-17 02:06:10,592 INFO  [org.infinispan.CONFIG] (MSC service thread 1-5) ISPN000152: Passivation configured without an eviction policy being selected. Only manually evicted entities will be passivated.
2023-04-17 02:06:10,670 INFO  [org.infinispan.PERSISTENCE] (ServerService Thread Pool -- 54) ISPN000556: Starting user marshaller 'org.wildfly.clustering.infinispan.marshalling.jboss.JBossMarshaller'
2023-04-17 02:06:10,670 INFO  [org.infinispan.PERSISTENCE] (ServerService Thread Pool -- 55) ISPN000556: Starting user marshaller 'org.wildfly.clustering.infinispan.spi.marshalling.InfinispanProtoStreamMarshaller'
2023-04-17 02:06:10,945 INFO  [org.jboss.as.clustering.infinispan] (ServerService Thread Pool -- 55) WFLYCLINF0002: Started http-remoting-connector cache from ejb container
2023-04-17 02:06:11,050 INFO  [org.jboss.as.clustering.infinispan] (ServerService Thread Pool -- 61) WFLYCLINF0002: Started offlineSessions cache from keycloak container
2023-04-17 02:06:11,053 INFO  [org.jboss.as.clustering.infinispan] (ServerService Thread Pool -- 64) WFLYCLINF0002: Started loginFailures cache from keycloak container
2023-04-17 02:06:11,053 INFO  [org.jboss.as.clustering.infinispan] (ServerService Thread Pool -- 57) WFLYCLINF0002: Started sessions cache from keycloak container
2023-04-17 02:06:11,053 INFO  [org.jboss.as.clustering.infinispan] (ServerService Thread Pool -- 65) WFLYCLINF0002: Started clientSessions cache from keycloak container
2023-04-17 02:06:11,053 INFO  [org.jboss.as.clustering.infinispan] (ServerService Thread Pool -- 60) WFLYCLINF0002: Started offlineClientSessions cache from keycloak container
2023-04-17 02:06:11,053 INFO  [org.jboss.as.clustering.infinispan] (ServerService Thread Pool -- 58) WFLYCLINF0002: Started users cache from keycloak container
2023-04-17 02:06:11,053 INFO  [org.jboss.as.clustering.infinispan] (ServerService Thread Pool -- 62) WFLYCLINF0002: Started realms cache from keycloak container
2023-04-17 02:06:11,052 INFO  [org.jboss.as.clustering.infinispan] (ServerService Thread Pool -- 56) WFLYCLINF0002: Started authenticationSessions cache from keycloak container
2023-04-17 02:06:11,055 INFO  [org.jboss.as.clustering.infinispan] (ServerService Thread Pool -- 59) WFLYCLINF0002: Started work cache from keycloak container
2023-04-17 02:06:11,063 INFO  [org.jboss.as.clustering.infinispan] (ServerService Thread Pool -- 54) WFLYCLINF0002: Started keys cache from keycloak container
2023-04-17 02:06:11,063 INFO  [org.jboss.as.clustering.infinispan] (ServerService Thread Pool -- 66) WFLYCLINF0002: Started authorization cache from keycloak container
2023-04-17 02:06:11,063 INFO  [org.jboss.as.clustering.infinispan] (ServerService Thread Pool -- 63) WFLYCLINF0002: Started actionTokens cache from keycloak container
2023-04-17 02:06:11,204 WARN  [org.jboss.as.server.deployment] (MSC service thread 1-2) WFLYSRV0273: Excluded subsystem webservices via jboss-deployment-structure.xml does not exist.
2023-04-17 02:06:11,749 INFO  [org.keycloak.services] (ServerService Thread Pool -- 55) KC-SERVICES0001: Loading config from standalone.xml or domain.xml
2023-04-17 02:06:12,238 INFO  [org.keycloak.url.DefaultHostnameProviderFactory] (ServerService Thread Pool -- 55) Frontend: <request>, Admin: <frontend>, Backend: <request>
2023-04-17 02:06:12,327 WARN  [org.keycloak.services] (ServerService Thread Pool -- 55) KC-SERVICES0047: email-authenticator (niroj.keycloak.authenticator.EmailAuthenticatorFactory) is implementing the internal SPI authenticator. This SPI is internal and may change without notice
2023-04-17 02:06:12,378 INFO  [org.jboss.as.clustering.infinispan] (ServerService Thread Pool -- 55) WFLYCLINF0002: Started realmRevisions cache from keycloak container
2023-04-17 02:06:12,389 INFO  [org.jboss.as.clustering.infinispan] (ServerService Thread Pool -- 55) WFLYCLINF0002: Started userRevisions cache from keycloak container
2023-04-17 02:06:12,397 INFO  [org.jboss.as.clustering.infinispan] (ServerService Thread Pool -- 55) WFLYCLINF0002: Started authorizationRevisions cache from keycloak container
2023-04-17 02:06:12,399 INFO  [org.keycloak.connections.infinispan.DefaultInfinispanConnectionProviderFactory] (ServerService Thread Pool -- 55) Node name: abns-air, Site name: null
2023-04-17 02:06:17,474 INFO  [org.keycloak.connections.jpa.DefaultJpaConnectionProviderFactory] (ServerService Thread Pool -- 55) Database info: {databaseUrl=jdbc:h2:/Users/abn/desktop/keycloak/standalone/data/keycloak, databaseUser=SA, databaseProduct=H2 1.4.197 (2018-03-18), databaseDriver=H2 JDBC Driver 1.4.197 (2018-03-18)}
2023-04-17 02:06:19,272 INFO  [org.hibernate.jpa.internal.util.LogHelper] (ServerService Thread Pool -- 55) HHH000204: Processing PersistenceUnitInfo [
	name: keycloak-default
	...]
2023-04-17 02:06:19,336 INFO  [org.hibernate.Version] (ServerService Thread Pool -- 55) HHH000412: Hibernate Core {5.3.20.Final}
2023-04-17 02:06:19,338 INFO  [org.hibernate.cfg.Environment] (ServerService Thread Pool -- 55) HHH000206: hibernate.properties not found
2023-04-17 02:06:19,474 INFO  [org.hibernate.annotations.common.Version] (ServerService Thread Pool -- 55) HCANN000001: Hibernate Commons Annotations {5.0.5.Final}
2023-04-17 02:06:19,631 INFO  [org.hibernate.dialect.Dialect] (ServerService Thread Pool -- 55) HHH000400: Using dialect: org.hibernate.dialect.H2Dialect
2023-04-17 02:06:19,687 INFO  [org.hibernate.envers.boot.internal.EnversServiceImpl] (ServerService Thread Pool -- 55) Envers integration enabled? : true
2023-04-17 02:06:20,298 INFO  [org.hibernate.orm.beans] (ServerService Thread Pool -- 55) HHH10005002: No explicit CDI BeanManager reference was passed to Hibernate, but CDI is available on the Hibernate ClassLoader.
2023-04-17 02:06:20,355 INFO  [org.hibernate.validator.internal.util.Version] (ServerService Thread Pool -- 55) HV000001: Hibernate Validator 6.0.22.Final
2023-04-17 02:06:21,968 INFO  [org.hibernate.hql.internal.QueryTranslatorFactoryInitiator] (ServerService Thread Pool -- 55) HHH000397: Using ASTQueryTranslatorFactory
2023-04-17 02:06:23,236 INFO  [org.jboss.resteasy.resteasy_jaxrs.i18n] (ServerService Thread Pool -- 55) RESTEASY002225: Deploying javax.ws.rs.core.Application: class org.keycloak.services.resources.KeycloakApplication
2023-04-17 02:06:23,244 INFO  [org.jboss.resteasy.resteasy_jaxrs.i18n] (ServerService Thread Pool -- 55) RESTEASY002200: Adding class resource org.keycloak.services.resources.ThemeResource from Application class org.keycloak.services.resources.KeycloakApplication
2023-04-17 02:06:23,245 INFO  [org.jboss.resteasy.resteasy_jaxrs.i18n] (ServerService Thread Pool -- 55) RESTEASY002205: Adding provider class org.keycloak.services.filters.KeycloakSecurityHeadersFilter from Application class org.keycloak.services.resources.KeycloakApplication
2023-04-17 02:06:23,246 INFO  [org.jboss.resteasy.resteasy_jaxrs.i18n] (ServerService Thread Pool -- 55) RESTEASY002200: Adding class resource org.keycloak.services.resources.JsResource from Application class org.keycloak.services.resources.KeycloakApplication
2023-04-17 02:06:23,246 INFO  [org.jboss.resteasy.resteasy_jaxrs.i18n] (ServerService Thread Pool -- 55) RESTEASY002205: Adding provider class org.keycloak.services.error.KeycloakErrorHandler from Application class org.keycloak.services.resources.KeycloakApplication
2023-04-17 02:06:23,246 INFO  [org.jboss.resteasy.resteasy_jaxrs.i18n] (ServerService Thread Pool -- 55) RESTEASY002220: Adding singleton resource org.keycloak.services.resources.admin.AdminRoot from Application class org.keycloak.services.resources.KeycloakApplication
2023-04-17 02:06:23,246 INFO  [org.jboss.resteasy.resteasy_jaxrs.i18n] (ServerService Thread Pool -- 55) RESTEASY002210: Adding provider singleton org.keycloak.services.util.ObjectMapperResolver from Application class org.keycloak.services.resources.KeycloakApplication
2023-04-17 02:06:23,246 INFO  [org.jboss.resteasy.resteasy_jaxrs.i18n] (ServerService Thread Pool -- 55) RESTEASY002220: Adding singleton resource org.keycloak.services.resources.RealmsResource from Application class org.keycloak.services.resources.KeycloakApplication
2023-04-17 02:06:23,246 INFO  [org.jboss.resteasy.resteasy_jaxrs.i18n] (ServerService Thread Pool -- 55) RESTEASY002220: Adding singleton resource org.keycloak.services.resources.RobotsResource from Application class org.keycloak.services.resources.KeycloakApplication
2023-04-17 02:06:23,246 INFO  [org.jboss.resteasy.resteasy_jaxrs.i18n] (ServerService Thread Pool -- 55) RESTEASY002220: Adding singleton resource org.keycloak.services.resources.WelcomeResource from Application class org.keycloak.services.resources.KeycloakApplication
2023-04-17 02:06:23,363 INFO  [org.wildfly.extension.undertow] (ServerService Thread Pool -- 55) WFLYUT0021: Registered web context: '/auth' for server 'default-server'
2023-04-17 02:06:23,555 INFO  [org.jboss.as.server] (ServerService Thread Pool -- 43) WFLYSRV0010: Deployed "keycloak-server.war" (runtime-name : "keycloak-server.war")
2023-04-17 02:06:23,555 INFO  [org.jboss.as.server] (ServerService Thread Pool -- 32) WFLYSRV0010: Deployed "niroj-keycloak-2fa-email-authenticator-1.0-SNAPSHOT.jar" (runtime-name : "niroj-keycloak-2fa-email-authenticator-1.0-SNAPSHOT.jar")
2023-04-17 02:06:23,657 INFO  [org.jboss.as.server] (Controller Boot Thread) WFLYSRV0212: Resuming server
2023-04-17 02:06:23,664 INFO  [org.jboss.as] (Controller Boot Thread) WFLYSRV0025: Keycloak 14.0.0 (WildFly Core 15.0.1.Final) started in 19357ms - Started 637 of 916 services (587 services are lazy, passive or on-demand)
2023-04-17 02:06:23,667 INFO  [org.jboss.as] (Controller Boot Thread) WFLYSRV0060: Http management interface listening on http://127.0.0.1:9990/management
2023-04-17 02:06:23,667 INFO  [org.jboss.as] (Controller Boot Thread) WFLYSRV0051: Admin console listening on http://127.0.0.1:9990
